*** Starting uWSGI 2.0.19.1 (64bit) on [Thu Jun 18 01:39:49 2020] ***
compiled with version: 7.5.0 on 17 June 2020 16:25:18
os: Linux-4.15.0-101-generic #102-Ubuntu SMP Mon May 11 10:07:26 UTC 2020
nodename: jhpark-Alienware-Aurora-R9
machine: x86_64
clock source: unix
pcre jit disabled
detected number of CPU cores: 16
current working directory: /home/jhpark/PycharmProjects/anonymousroom
writing pidfile to /tmp/anonymousroom.pid
detected binary path: /home/jhpark/.local/bin/uwsgi
chdir() to /home/jhpark/PycharmProjects/anonymousroom
your processes number limit is 256235
your memory page size is 4096 bytes
detected max file descriptor number: 1048576
lock engine: pthread robust mutexes
thunder lock: disabled (you can enable it with --thunder-lock)
error removing unix socket, unlink(): Is a directory [core/socket.c line 198]
bind(): Address already in use [core/socket.c line 230]
*** Starting uWSGI 2.0.19.1 (64bit) on [Thu Jun 18 01:40:02 2020] ***
compiled with version: 7.5.0 on 17 June 2020 16:25:18
os: Linux-4.15.0-101-generic #102-Ubuntu SMP Mon May 11 10:07:26 UTC 2020
nodename: jhpark-Alienware-Aurora-R9
machine: x86_64
clock source: unix
pcre jit disabled
detected number of CPU cores: 16
current working directory: /home/jhpark/PycharmProjects/anonymousroom
writing pidfile to /tmp/anonymousroom.pid
detected binary path: /home/jhpark/.local/bin/uwsgi
chdir() to /home/jhpark/PycharmProjects/anonymousroom
your processes number limit is 256235
your memory page size is 4096 bytes
detected max file descriptor number: 1048576
lock engine: pthread robust mutexes
thunder lock: disabled (you can enable it with --thunder-lock)
error removing unix socket, unlink(): Is a directory [core/socket.c line 198]
bind(): Address already in use [core/socket.c line 230]
*** Starting uWSGI 2.0.19.1 (64bit) on [Thu Jun 18 01:45:42 2020] ***
compiled with version: 7.5.0 on 17 June 2020 16:25:18
os: Linux-4.15.0-101-generic #102-Ubuntu SMP Mon May 11 10:07:26 UTC 2020
nodename: jhpark-Alienware-Aurora-R9
machine: x86_64
clock source: unix
pcre jit disabled
detected number of CPU cores: 16
current working directory: /home/jhpark/PycharmProjects/anonymousroom
writing pidfile to /tmp/anonymousroom.pid
detected binary path: /home/jhpark/.local/bin/uwsgi
chdir() to /home/jhpark/PycharmProjects/anonymousroom
your processes number limit is 256235
your memory page size is 4096 bytes
detected max file descriptor number: 1048576
lock engine: pthread robust mutexes
thunder lock: disabled (you can enable it with --thunder-lock)
error removing unix socket, unlink(): Is a directory [core/socket.c line 198]
bind(): Address already in use [core/socket.c line 230]
*** Starting uWSGI 2.0.19.1 (64bit) on [Thu Jun 18 01:48:37 2020] ***
compiled with version: 7.5.0 on 17 June 2020 16:25:18
os: Linux-4.15.0-101-generic #102-Ubuntu SMP Mon May 11 10:07:26 UTC 2020
nodename: jhpark-Alienware-Aurora-R9
machine: x86_64
clock source: unix
pcre jit disabled
detected number of CPU cores: 16
current working directory: /home/jhpark/PycharmProjects/anonymousroom
writing pidfile to /tmp/anonymousroom.pid
detected binary path: /home/jhpark/.local/bin/uwsgi
chdir() to /home/jhpark/PycharmProjects/anonymousroom
your processes number limit is 256235
your memory page size is 4096 bytes
detected max file descriptor number: 1048576
lock engine: pthread robust mutexes
thunder lock: disabled (you can enable it with --thunder-lock)
error removing unix socket, unlink(): Is a directory [core/socket.c line 198]
bind(): Address already in use [core/socket.c line 230]
*** Starting uWSGI 2.0.19.1 (64bit) on [Thu Jun 18 01:48:45 2020] ***
compiled with version: 7.5.0 on 17 June 2020 16:25:18
os: Linux-4.15.0-101-generic #102-Ubuntu SMP Mon May 11 10:07:26 UTC 2020
nodename: jhpark-Alienware-Aurora-R9
machine: x86_64
clock source: unix
pcre jit disabled
detected number of CPU cores: 16
current working directory: /home/jhpark/PycharmProjects/anonymousroom
writing pidfile to /tmp/anonymousroom.pid
detected binary path: /home/jhpark/.local/bin/uwsgi
chdir() to /home/jhpark/PycharmProjects/anonymousroom
your processes number limit is 256235
your memory page size is 4096 bytes
detected max file descriptor number: 1048576
lock engine: pthread robust mutexes
thunder lock: disabled (you can enable it with --thunder-lock)
error removing unix socket, unlink(): Is a directory [core/socket.c line 198]
bind(): Address already in use [core/socket.c line 230]
*** Starting uWSGI 2.0.19.1 (64bit) on [Thu Jun 18 01:48:47 2020] ***
compiled with version: 7.5.0 on 17 June 2020 16:25:18
os: Linux-4.15.0-101-generic #102-Ubuntu SMP Mon May 11 10:07:26 UTC 2020
nodename: jhpark-Alienware-Aurora-R9
machine: x86_64
clock source: unix
pcre jit disabled
detected number of CPU cores: 16
current working directory: /home/jhpark/PycharmProjects/anonymousroom
writing pidfile to /tmp/anonymousroom.pid
detected binary path: /home/jhpark/.local/bin/uwsgi
chdir() to /home/jhpark/PycharmProjects/anonymousroom
your processes number limit is 256235
your memory page size is 4096 bytes
detected max file descriptor number: 1048576
lock engine: pthread robust mutexes
thunder lock: disabled (you can enable it with --thunder-lock)
error removing unix socket, unlink(): Is a directory [core/socket.c line 198]
bind(): Address already in use [core/socket.c line 230]
*** Starting uWSGI 2.0.19.1 (64bit) on [Thu Jun 18 01:50:02 2020] ***
compiled with version: 7.5.0 on 17 June 2020 16:25:18
os: Linux-4.15.0-101-generic #102-Ubuntu SMP Mon May 11 10:07:26 UTC 2020
nodename: jhpark-Alienware-Aurora-R9
machine: x86_64
clock source: unix
pcre jit disabled
detected number of CPU cores: 16
current working directory: /home/jhpark/PycharmProjects/anonymousroom
writing pidfile to /tmp/anonymousroom.pid
detected binary path: /home/jhpark/.local/bin/uwsgi
chdir() to /home/jhpark/PycharmProjects/anonymousroom
your processes number limit is 256235
your memory page size is 4096 bytes
detected max file descriptor number: 1048576
lock engine: pthread robust mutexes
thunder lock: disabled (you can enable it with --thunder-lock)
error removing unix socket, unlink(): Is a directory [core/socket.c line 198]
bind(): Address already in use [core/socket.c line 230]
*** Starting uWSGI 2.0.19.1 (64bit) on [Thu Jun 18 01:52:26 2020] ***
compiled with version: 7.5.0 on 17 June 2020 16:25:18
os: Linux-4.15.0-101-generic #102-Ubuntu SMP Mon May 11 10:07:26 UTC 2020
nodename: jhpark-Alienware-Aurora-R9
machine: x86_64
clock source: unix
pcre jit disabled
detected number of CPU cores: 16
current working directory: /home/jhpark/PycharmProjects/anonymousroom
writing pidfile to /tmp/anonymousroom.pid
detected binary path: /home/jhpark/.local/bin/uwsgi
chdir() to /home/jhpark/PycharmProjects/anonymousroom
your processes number limit is 256235
your memory page size is 4096 bytes
detected max file descriptor number: 1048576
lock engine: pthread robust mutexes
thunder lock: disabled (you can enable it with --thunder-lock)
error removing unix socket, unlink(): Is a directory [core/socket.c line 198]
bind(): Address already in use [core/socket.c line 230]
*** Starting uWSGI 2.0.19.1 (64bit) on [Thu Jun 18 01:53:34 2020] ***
compiled with version: 7.5.0 on 17 June 2020 16:25:18
os: Linux-4.15.0-101-generic #102-Ubuntu SMP Mon May 11 10:07:26 UTC 2020
nodename: jhpark-Alienware-Aurora-R9
machine: x86_64
clock source: unix
pcre jit disabled
detected number of CPU cores: 16
current working directory: /home/jhpark/PycharmProjects/anonymousroom
writing pidfile to /tmp/anonymousroom.pid
detected binary path: /home/jhpark/.local/bin/uwsgi
chdir() to /home/jhpark/PycharmProjects/anonymousroom
your processes number limit is 256235
your memory page size is 4096 bytes
detected max file descriptor number: 1048576
lock engine: pthread robust mutexes
thunder lock: disabled (you can enable it with --thunder-lock)
error removing unix socket, unlink(): Is a directory [core/socket.c line 198]
bind(): Address already in use [core/socket.c line 230]
*** Starting uWSGI 2.0.15-debian (64bit) on [Thu Jun 18 01:55:47 2020] ***
compiled with version: 7.3.0 on 28 September 2018 15:41:15
os: Linux-4.15.0-101-generic #102-Ubuntu SMP Mon May 11 10:07:26 UTC 2020
nodename: jhpark-Alienware-Aurora-R9
machine: x86_64
clock source: unix
pcre jit disabled
detected number of CPU cores: 16
current working directory: /home/jhpark/PycharmProjects/anonymousroom
writing pidfile to /tmp/anonymousroom.pid
detected binary path: /usr/bin/uwsgi-core
dropping root privileges as early as possible
uWSGI running as root, you can use --uid/--gid/--chroot options
*** WARNING: you are running uWSGI as root !!! (use the --uid flag) *** 
chdir() to /home/jhpark/PycharmProjects/anonymousroom
your processes number limit is 256235
your memory page size is 4096 bytes
detected max file descriptor number: 1048576
lock engine: pthread robust mutexes
thunder lock: disabled (you can enable it with --thunder-lock)
error removing unix socket, unlink(): Is a directory [core/socket.c line 198]
bind(): Address already in use [core/socket.c line 230]
*** Starting uWSGI 2.0.19.1 (64bit) on [Thu Jun 18 01:59:29 2020] ***
compiled with version: 7.5.0 on 17 June 2020 16:25:18
os: Linux-4.15.0-101-generic #102-Ubuntu SMP Mon May 11 10:07:26 UTC 2020
nodename: jhpark-Alienware-Aurora-R9
machine: x86_64
clock source: unix
pcre jit disabled
detected number of CPU cores: 16
current working directory: /home/jhpark/PycharmProjects/anonymousroom
writing pidfile to /tmp/anonymousroom.pid
detected binary path: /home/jhpark/.local/bin/uwsgi
chdir() to /home/jhpark/PycharmProjects/anonymousroom
your processes number limit is 256235
your memory page size is 4096 bytes
detected max file descriptor number: 1048576
lock engine: pthread robust mutexes
thunder lock: disabled (you can enable it with --thunder-lock)
uwsgi socket 0 bound to UNIX address /home/jhpark/PycharmProjects/anonymousroom/anonymousroom.sock fd 3
Python version: 3.6.9 (default, Apr 18 2020, 01:56:04)  [GCC 8.4.0]
!!! Python Home is not a directory: /home/jhpark/anaconda3/envs/chatapp/bin/python !!!
Set PythonHome to /home/jhpark/anaconda3/envs/chatapp/bin/python
Fatal Python error: Py_Initialize: Unable to get the locale encoding
ModuleNotFoundError: No module named 'encodings'

Current thread 0x00007fe8492e5740 (most recent call first):
*** Starting uWSGI 2.0.19.1 (64bit) on [Thu Jun 18 02:01:25 2020] ***
compiled with version: 7.5.0 on 17 June 2020 16:25:18
os: Linux-4.15.0-101-generic #102-Ubuntu SMP Mon May 11 10:07:26 UTC 2020
nodename: jhpark-Alienware-Aurora-R9
machine: x86_64
clock source: unix
pcre jit disabled
detected number of CPU cores: 16
current working directory: /home/jhpark/PycharmProjects/anonymousroom
writing pidfile to /tmp/anonymousroom.pid
detected binary path: /home/jhpark/.local/bin/uwsgi
chdir() to /home/jhpark/PycharmProjects/anonymousroom
your processes number limit is 256235
your memory page size is 4096 bytes
detected max file descriptor number: 1048576
lock engine: pthread robust mutexes
thunder lock: disabled (you can enable it with --thunder-lock)
uwsgi socket 0 bound to UNIX address /home/jhpark/PycharmProjects/anonymousroom/anonymousroom.sock fd 3
Python version: 3.6.9 (default, Apr 18 2020, 01:56:04)  [GCC 8.4.0]
Set PythonHome to /home/jhpark/anaconda3/envs/chatapp/bin/
Fatal Python error: Py_Initialize: Unable to get the locale encoding
ModuleNotFoundError: No module named 'encodings'

Current thread 0x00007f20dab69740 (most recent call first):
*** Starting uWSGI 2.0.19.1 (64bit) on [Thu Jun 18 02:02:10 2020] ***
compiled with version: 7.5.0 on 17 June 2020 16:25:18
os: Linux-4.15.0-101-generic #102-Ubuntu SMP Mon May 11 10:07:26 UTC 2020
nodename: jhpark-Alienware-Aurora-R9
machine: x86_64
clock source: unix
pcre jit disabled
detected number of CPU cores: 16
current working directory: /home/jhpark/PycharmProjects/anonymousroom
writing pidfile to /tmp/anonymousroom.pid
detected binary path: /home/jhpark/.local/bin/uwsgi
chdir() to /home/jhpark/PycharmProjects/anonymousroom
your processes number limit is 256235
your memory page size is 4096 bytes
detected max file descriptor number: 1048576
lock engine: pthread robust mutexes
thunder lock: disabled (you can enable it with --thunder-lock)
uwsgi socket 0 bound to UNIX address /home/jhpark/PycharmProjects/anonymousroom/anonymousroom.sock fd 3
Python version: 3.6.9 (default, Apr 18 2020, 01:56:04)  [GCC 8.4.0]
Set PythonHome to /home/jhpark/anaconda3/envs/chatapp/bin/
Fatal Python error: Py_Initialize: Unable to get the locale encoding
ModuleNotFoundError: No module named 'encodings'

Current thread 0x00007f009f25b740 (most recent call first):
*** Starting uWSGI 2.0.19.1 (64bit) on [Thu Jun 18 02:10:10 2020] ***
compiled with version: 7.5.0 on 17 June 2020 16:25:18
os: Linux-4.15.0-101-generic #102-Ubuntu SMP Mon May 11 10:07:26 UTC 2020
nodename: jhpark-Alienware-Aurora-R9
machine: x86_64
clock source: unix
pcre jit disabled
detected number of CPU cores: 16
current working directory: /home/jhpark/PycharmProjects/anonymousroom
writing pidfile to /tmp/anonymousroom.pid
detected binary path: /home/jhpark/.local/bin/uwsgi
chdir() to /home/jhpark/PycharmProjects/anonymousroom
your processes number limit is 256235
your memory page size is 4096 bytes
detected max file descriptor number: 1048576
lock engine: pthread robust mutexes
thunder lock: disabled (you can enable it with --thunder-lock)
uwsgi socket 0 bound to UNIX address /home/jhpark/PycharmProjects/anonymousroom/anonymousroom.sock fd 3
Python version: 3.6.9 (default, Apr 18 2020, 01:56:04)  [GCC 8.4.0]
Set PythonHome to /home/jhpark/anaconda3/envs/chatapp/bin/
Fatal Python error: Py_Initialize: Unable to get the locale encoding
ModuleNotFoundError: No module named 'encodings'

Current thread 0x00007fbda565d740 (most recent call first):
*** Starting uWSGI 2.0.19.1 (64bit) on [Thu Jun 18 02:13:35 2020] ***
compiled with version: 7.5.0 on 17 June 2020 16:25:18
os: Linux-4.15.0-101-generic #102-Ubuntu SMP Mon May 11 10:07:26 UTC 2020
nodename: jhpark-Alienware-Aurora-R9
machine: x86_64
clock source: unix
pcre jit disabled
detected number of CPU cores: 16
current working directory: /home/jhpark/PycharmProjects/anonymousroom
writing pidfile to /tmp/anonymousroom.pid
detected binary path: /home/jhpark/.local/bin/uwsgi
chdir() to /home/jhpark/PycharmProjects/anonymousroom
your processes number limit is 256235
your memory page size is 4096 bytes
detected max file descriptor number: 1048576
lock engine: pthread robust mutexes
thunder lock: disabled (you can enable it with --thunder-lock)
uwsgi socket 0 bound to UNIX address /home/jhpark/PycharmProjects/anonymousroom/anonymousroom.sock fd 3
Python version: 3.6.9 (default, Apr 18 2020, 01:56:04)  [GCC 8.4.0]
Set PythonHome to /home/jhpark/anaconda3/envs/chatapp/bin
Fatal Python error: Py_Initialize: Unable to get the locale encoding
ModuleNotFoundError: No module named 'encodings'

Current thread 0x00007f619aa12740 (most recent call first):
*** Starting uWSGI 2.0.19.1 (64bit) on [Thu Jun 18 02:23:18 2020] ***
compiled with version: 7.5.0 on 17 June 2020 16:25:18
os: Linux-4.15.0-101-generic #102-Ubuntu SMP Mon May 11 10:07:26 UTC 2020
nodename: jhpark-Alienware-Aurora-R9
machine: x86_64
clock source: unix
pcre jit disabled
detected number of CPU cores: 16
current working directory: /home/jhpark/PycharmProjects/anonymousroom
writing pidfile to /tmp/anonymousroom.pid
detected binary path: /home/jhpark/.local/bin/uwsgi
chdir() to /home/jhpark/PycharmProjects/anonymousroom
your processes number limit is 256235
your memory page size is 4096 bytes
detected max file descriptor number: 1048576
lock engine: pthread robust mutexes
thunder lock: disabled (you can enable it with --thunder-lock)
uwsgi socket 0 bound to TCP address 127.0.0.1:8888 fd 3
Python version: 3.6.9 (default, Apr 18 2020, 01:56:04)  [GCC 8.4.0]
Set PythonHome to /home/jhpark/anaconda3/envs/chatapp/bin
Fatal Python error: Py_Initialize: Unable to get the locale encoding
ModuleNotFoundError: No module named 'encodings'

Current thread 0x00007fad18524740 (most recent call first):
*** Starting uWSGI 2.0.19.1 (64bit) on [Thu Jun 18 02:24:12 2020] ***
compiled with version: 7.5.0 on 17 June 2020 16:25:18
os: Linux-4.15.0-101-generic #102-Ubuntu SMP Mon May 11 10:07:26 UTC 2020
nodename: jhpark-Alienware-Aurora-R9
machine: x86_64
clock source: unix
pcre jit disabled
detected number of CPU cores: 16
current working directory: /home/jhpark/PycharmProjects/anonymousroom
writing pidfile to /tmp/anonymousroom.pid
detected binary path: /home/jhpark/.local/bin/uwsgi
chdir() to /home/jhpark/PycharmProjects/anonymousroom
your processes number limit is 256235
your memory page size is 4096 bytes
detected max file descriptor number: 1048576
lock engine: pthread robust mutexes
thunder lock: disabled (you can enable it with --thunder-lock)
uwsgi socket 0 bound to TCP address 127.0.0.1:8888 fd 3
Python version: 3.6.9 (default, Apr 18 2020, 01:56:04)  [GCC 8.4.0]
Set PythonHome to /home/jhpark/anaconda3/envs/chatapp/bin
Fatal Python error: Py_Initialize: Unable to get the locale encoding
ModuleNotFoundError: No module named 'encodings'

Current thread 0x00007f14d3d89740 (most recent call first):
*** Starting uWSGI 2.0.19.1 (64bit) on [Thu Jun 18 02:26:04 2020] ***
compiled with version: 7.5.0 on 17 June 2020 16:25:18
os: Linux-4.15.0-101-generic #102-Ubuntu SMP Mon May 11 10:07:26 UTC 2020
nodename: jhpark-Alienware-Aurora-R9
machine: x86_64
clock source: unix
pcre jit disabled
detected number of CPU cores: 16
current working directory: /home/jhpark/PycharmProjects/anonymousroom
writing pidfile to /tmp/anonymousroom.pid
detected binary path: /home/jhpark/.local/bin/uwsgi
chdir() to /home/jhpark/PycharmProjects/anonymousroom
your processes number limit is 256235
your memory page size is 4096 bytes
detected max file descriptor number: 1048576
lock engine: pthread robust mutexes
thunder lock: disabled (you can enable it with --thunder-lock)
uwsgi socket 0 bound to TCP address 127.0.0.1:8888 fd 3
Python version: 3.6.9 (default, Apr 18 2020, 01:56:04)  [GCC 8.4.0]
Set PythonHome to /home/jhpark/anaconda3/envs/chatapp/bin
Fatal Python error: Py_Initialize: Unable to get the locale encoding
ModuleNotFoundError: No module named 'encodings'

Current thread 0x00007fbc05025740 (most recent call first):
*** Starting uWSGI 2.0.19.1 (64bit) on [Thu Jun 18 02:28:13 2020] ***
compiled with version: 7.5.0 on 17 June 2020 16:25:18
os: Linux-4.15.0-101-generic #102-Ubuntu SMP Mon May 11 10:07:26 UTC 2020
nodename: jhpark-Alienware-Aurora-R9
machine: x86_64
clock source: unix
pcre jit disabled
detected number of CPU cores: 16
current working directory: /home/jhpark/PycharmProjects/anonymousroom
writing pidfile to /tmp/anonymousroom.pid
detected binary path: /home/jhpark/.local/bin/uwsgi
chdir() to /home/jhpark/PycharmProjects/anonymousroom
your processes number limit is 256235
your memory page size is 4096 bytes
detected max file descriptor number: 1048576
lock engine: pthread robust mutexes
thunder lock: disabled (you can enable it with --thunder-lock)
uwsgi socket 0 bound to TCP address 127.0.0.1:8888 fd 3
Python version: 3.6.9 (default, Apr 18 2020, 01:56:04)  [GCC 8.4.0]
Set PythonHome to /home/jhpark/anaconda3/envs/chatapp/bin
Fatal Python error: Py_Initialize: Unable to get the locale encoding
ModuleNotFoundError: No module named 'encodings'

Current thread 0x00007f1c99a6b740 (most recent call first):
*** Starting uWSGI 2.0.19.1 (64bit) on [Thu Jun 18 02:30:11 2020] ***
compiled with version: 7.5.0 on 17 June 2020 16:25:18
os: Linux-4.15.0-101-generic #102-Ubuntu SMP Mon May 11 10:07:26 UTC 2020
nodename: jhpark-Alienware-Aurora-R9
machine: x86_64
clock source: unix
pcre jit disabled
detected number of CPU cores: 16
current working directory: /home/jhpark/PycharmProjects/anonymousroom
writing pidfile to /tmp/anonymousroom.pid
detected binary path: /home/jhpark/.local/bin/uwsgi
chdir() to /home/jhpark/PycharmProjects/anonymousroom
your processes number limit is 256235
your memory page size is 4096 bytes
detected max file descriptor number: 1048576
lock engine: pthread robust mutexes
thunder lock: disabled (you can enable it with --thunder-lock)
uwsgi socket 0 bound to TCP address 127.0.0.1:8888 fd 3
Python version: 3.6.9 (default, Apr 18 2020, 01:56:04)  [GCC 8.4.0]
Set PythonHome to /home/jhpark/anaconda3/envs/chatapp/bin
Fatal Python error: Py_Initialize: Unable to get the locale encoding
ModuleNotFoundError: No module named 'encodings'

Current thread 0x00007f0ec69e5740 (most recent call first):
*** Starting uWSGI 2.0.19.1 (64bit) on [Thu Jun 18 02:35:55 2020] ***
compiled with version: 7.5.0 on 17 June 2020 15:56:08
os: Linux-4.15.0-101-generic #102-Ubuntu SMP Mon May 11 10:07:26 UTC 2020
nodename: jhpark-Alienware-Aurora-R9
machine: x86_64
clock source: unix
detected number of CPU cores: 16
current working directory: /home/jhpark/PycharmProjects/anonymousroom
writing pidfile to /tmp/anonymousroom.pid
detected binary path: /home/jhpark/.local/bin/uwsgi
!!! no internal routing support, rebuild with pcre support !!!
chdir() to /home/jhpark/PycharmProjects/anonymousroom
your processes number limit is 256235
your memory page size is 4096 bytes
detected max file descriptor number: 1048576
lock engine: pthread robust mutexes
thunder lock: disabled (you can enable it with --thunder-lock)
uwsgi socket 0 bound to TCP address 127.0.0.1:8888 fd 3
Python version: 3.6.9 (default, Apr 18 2020, 01:56:04)  [GCC 8.4.0]
Set PythonHome to /home/jhpark/anaconda3/envs/chatapp/bin
Fatal Python error: Py_Initialize: Unable to get the locale encoding
ModuleNotFoundError: No module named 'encodings'

Current thread 0x00007f1ad08da500 (most recent call first):
*** Starting uWSGI 2.0.19.1 (64bit) on [Thu Jun 18 02:37:47 2020] ***
compiled with version: 7.5.0 on 17 June 2020 15:56:08
os: Linux-4.15.0-101-generic #102-Ubuntu SMP Mon May 11 10:07:26 UTC 2020
nodename: jhpark-Alienware-Aurora-R9
machine: x86_64
clock source: unix
detected number of CPU cores: 16
current working directory: /home/jhpark/PycharmProjects/anonymousroom
writing pidfile to /tmp/anonymousroom.pid
detected binary path: /home/jhpark/.local/bin/uwsgi
!!! no internal routing support, rebuild with pcre support !!!
chdir() to /home/jhpark/PycharmProjects/anonymousroom
your processes number limit is 256235
your memory page size is 4096 bytes
detected max file descriptor number: 1048576
lock engine: pthread robust mutexes
thunder lock: disabled (you can enable it with --thunder-lock)
uwsgi socket 0 bound to TCP address 127.0.0.1:8888 fd 3
Python version: 3.6.9 (default, Apr 18 2020, 01:56:04)  [GCC 8.4.0]
Set PythonHome to /home/jhpark/anaconda3/envs/chatapp/bin
Fatal Python error: Py_Initialize: Unable to get the locale encoding
ModuleNotFoundError: No module named 'encodings'

Current thread 0x00007f08dad6c500 (most recent call first):
*** Starting uWSGI 2.0.19.1 (64bit) on [Thu Jun 18 02:38:19 2020] ***
compiled with version: 7.5.0 on 17 June 2020 15:56:08
os: Linux-4.15.0-101-generic #102-Ubuntu SMP Mon May 11 10:07:26 UTC 2020
nodename: jhpark-Alienware-Aurora-R9
machine: x86_64
clock source: unix
detected number of CPU cores: 16
current working directory: /home/jhpark/PycharmProjects/anonymousroom
writing pidfile to /tmp/anonymousroom.pid
detected binary path: /home/jhpark/.local/bin/uwsgi
!!! no internal routing support, rebuild with pcre support !!!
chdir() to /home/jhpark/PycharmProjects/anonymousroom
your processes number limit is 256235
your memory page size is 4096 bytes
detected max file descriptor number: 1048576
lock engine: pthread robust mutexes
thunder lock: disabled (you can enable it with --thunder-lock)
uwsgi socket 0 bound to TCP address 127.0.0.1:8888 fd 3
Python version: 3.6.9 (default, Apr 18 2020, 01:56:04)  [GCC 8.4.0]
Set PythonHome to /home/jhpark/anaconda3/envs/chatapp/bin/
Fatal Python error: Py_Initialize: Unable to get the locale encoding
ModuleNotFoundError: No module named 'encodings'

Current thread 0x00007f194de6b500 (most recent call first):
*** Starting uWSGI 2.0.19.1 (64bit) on [Thu Jun 18 10:36:58 2020] ***
compiled with version: 7.5.0 on 17 June 2020 15:56:08
os: Linux-4.15.0-101-generic #102-Ubuntu SMP Mon May 11 10:07:26 UTC 2020
nodename: jhpark-Alienware-Aurora-R9
machine: x86_64
clock source: unix
detected number of CPU cores: 16
current working directory: /home/jhpark/PycharmProjects/anonymousroom
writing pidfile to /tmp/anonymousroom.pid
detected binary path: /home/jhpark/.local/bin/uwsgi
!!! no internal routing support, rebuild with pcre support !!!
chdir() to /home/jhpark/PycharmProjects/anonymousroom
your processes number limit is 256235
your memory page size is 4096 bytes
detected max file descriptor number: 1024
lock engine: pthread robust mutexes
thunder lock: disabled (you can enable it with --thunder-lock)
uwsgi socket 0 bound to TCP address 127.0.0.1:8888 fd 3
Python version: 3.6.9 (default, Apr 18 2020, 01:56:04)  [GCC 8.4.0]
Set PythonHome to /home/jhpark/anaconda3/envs/chatapp/bin/
Fatal Python error: Py_Initialize: Unable to get the locale encoding
ModuleNotFoundError: No module named 'encodings'

Current thread 0x00007f9c4f181500 (most recent call first):
*** Starting uWSGI 2.0.19.1 (64bit) on [Thu Jun 18 10:37:31 2020] ***
compiled with version: 7.5.0 on 17 June 2020 15:56:08
os: Linux-4.15.0-101-generic #102-Ubuntu SMP Mon May 11 10:07:26 UTC 2020
nodename: jhpark-Alienware-Aurora-R9
machine: x86_64
clock source: unix
detected number of CPU cores: 16
current working directory: /home/jhpark/PycharmProjects/anonymousroom
writing pidfile to /tmp/anonymousroom.pid
detected binary path: /home/jhpark/.local/bin/uwsgi
!!! no internal routing support, rebuild with pcre support !!!
chdir() to /home/jhpark/PycharmProjects/anonymousroom
your processes number limit is 256235
your memory page size is 4096 bytes
detected max file descriptor number: 1024
lock engine: pthread robust mutexes
thunder lock: disabled (you can enable it with --thunder-lock)
uwsgi socket 0 bound to TCP address 127.0.0.1:8888 fd 3
Python version: 3.6.9 (default, Apr 18 2020, 01:56:04)  [GCC 8.4.0]
Set PythonHome to /home/jhpark/anaconda3/envs/chatapp/bin/
Fatal Python error: Py_Initialize: Unable to get the locale encoding
ModuleNotFoundError: No module named 'encodings'

Current thread 0x00007f0df9c1c500 (most recent call first):
*** Starting uWSGI 2.0.19.1 (64bit) on [Thu Jun 18 10:42:01 2020] ***
compiled with version: 7.5.0 on 17 June 2020 15:56:08
os: Linux-4.15.0-101-generic #102-Ubuntu SMP Mon May 11 10:07:26 UTC 2020
nodename: jhpark-Alienware-Aurora-R9
machine: x86_64
clock source: unix
detected number of CPU cores: 16
current working directory: /home/jhpark/PycharmProjects/anonymousroom
writing pidfile to /tmp/anonymousroom.pid
detected binary path: /home/jhpark/.local/bin/uwsgi
!!! no internal routing support, rebuild with pcre support !!!
chdir() to /home/jhpark/PycharmProjects/anonymousroom
your processes number limit is 256235
your memory page size is 4096 bytes
detected max file descriptor number: 1024
lock engine: pthread robust mutexes
thunder lock: disabled (you can enable it with --thunder-lock)
uwsgi socket 0 bound to TCP address 127.0.0.1:8888 fd 3
Python version: 3.6.9 (default, Apr 18 2020, 01:56:04)  [GCC 8.4.0]
Python main interpreter initialized at 0x562e4abdf320
python threads support enabled
your server socket listen backlog is limited to 100 connections
your mercy for graceful operations on workers is 60 seconds
mapped 364600 bytes (356 KB) for 4 cores
*** Operational MODE: preforking ***
spawned uWSGI master process (pid: 30898)
spawned uWSGI worker 1 (pid: 30899, cores: 1)
spawned uWSGI worker 2 (pid: 30900, cores: 1)
spawned uWSGI worker 3 (pid: 30901, cores: 1)
spawned uWSGI worker 4 (pid: 30902, cores: 1)
Traceback (most recent call last):
Traceback (most recent call last):
Traceback (most recent call last):
  File "./anonymousroom/wsgi.py", line 12, in <module>
  File "./anonymousroom/wsgi.py", line 12, in <module>
  File "./anonymousroom/wsgi.py", line 12, in <module>
    from django.core.wsgi import get_wsgi_application
    from django.core.wsgi import get_wsgi_application
    from django.core.wsgi import get_wsgi_application
ModuleNotFoundError: No module named 'django'
ModuleNotFoundError: No module named 'django'
unable to load app 0 (mountpoint='') (callable not found or import error)
ModuleNotFoundError: No module named 'django'
unable to load app 0 (mountpoint='') (callable not found or import error)
unable to load app 0 (mountpoint='') (callable not found or import error)
*** no app loaded. going in full dynamic mode ***
*** no app loaded. going in full dynamic mode ***
*** no app loaded. going in full dynamic mode ***
Traceback (most recent call last):
  File "./anonymousroom/wsgi.py", line 12, in <module>
    from django.core.wsgi import get_wsgi_application
ModuleNotFoundError: No module named 'django'
unable to load app 0 (mountpoint='') (callable not found or import error)
*** no app loaded. going in full dynamic mode ***
invalid request block size: 21573 (max 4096)...skip
invalid request block size: 21573 (max 4096)...skip
invalid request block size: 21573 (max 4096)...skip
invalid request block size: 21573 (max 4096)...skip
invalid request block size: 21573 (max 4096)...skip
invalid request block size: 21573 (max 4096)...skip
invalid request block size: 21573 (max 4096)...skip
invalid request block size: 21573 (max 4096)...skip
invalid request block size: 21573 (max 4096)...skip
*** Starting uWSGI 2.0.19.1 (64bit) on [Thu Jun 18 11:07:56 2020] ***
compiled with version: 7.5.0 on 17 June 2020 15:56:08
os: Linux-4.15.0-101-generic #102-Ubuntu SMP Mon May 11 10:07:26 UTC 2020
nodename: jhpark-Alienware-Aurora-R9
machine: x86_64
clock source: unix
detected number of CPU cores: 16
current working directory: /home/jhpark/PycharmProjects/anonymousroom
writing pidfile to /tmp/anonymousroom.pid
detected binary path: /home/jhpark/.local/bin/uwsgi
!!! no internal routing support, rebuild with pcre support !!!
chdir() to /home/jhpark/PycharmProjects/anonymousroom
your processes number limit is 256235
your memory page size is 4096 bytes
detected max file descriptor number: 1024
lock engine: pthread robust mutexes
thunder lock: disabled (you can enable it with --thunder-lock)
probably another instance of uWSGI is running on the same address (127.0.0.1:8888).
bind(): Address already in use [core/socket.c line 769]
